# JRE version: Java(TM) SE Runtime Environment (8.0_05-b13) (build 1.8.0_05-b13)
# Java VM: Java HotSpot(TM) 64-Bit Server VM (25.5-b02 mixed mode windows-amd64 compressed oops)
Heap:
 PSYoungGen      total 41472K, used 9156K [0x000000076b200000, 0x000000076df00000, 0x00000007c0000000)
  eden space 38400K, 18% used [0x000000076b200000,0x000000076b8eb068,0x000000076d780000)
  from space 3072K, 67% used [0x000000076db00000,0x000000076dd06230,0x000000076de00000)
  to   space 3584K, 0% used [0x000000076d780000,0x000000076d780000,0x000000076db00000)
 ParOldGen       total 260608K, used 7732K [0x00000006c1600000, 0x00000006d1480000, 0x000000076b200000)
  object space 260608K, 2% used [0x00000006c1600000,0x00000006c1d8d2f8,0x00000006d1480000)
 Metaspace       used 15239K, capacity 15520K, committed 15616K, reserved 1062912K
  class space    used 1725K, capacity 1763K, committed 1792K, reserved 1048576K
GC Heap History (10 events):
Event: 1.061 GC heap before
{Heap before GC invocations=14 (full 0):
 PSYoungGen      total 11776K, used 11767K [0x000000076b200000, 0x000000076c600000, 0x00000007c0000000)
  eden space 10752K, 100% used [0x000000076b200000,0x000000076bc80000,0x000000076bc80000)
  from space 1024K, 99% used [0x000000076bc80000,0x000000076bd7ded0,0x000000076bd80000)
  to   space 1536K, 0% used [0x000000076c480000,0x000000076c480000,0x000000076c600000)
 ParOldGen       total 260608K, used 2587K [0x00000006c1600000, 0x00000006d1480000, 0x000000076b200000)
  object space 260608K, 0% used [0x00000006c1600000,0x00000006c1886d50,0x00000006d1480000)
 Metaspace       used 9207K, capacity 9352K, committed 9600K, reserved 1058816K
  class space    used 1056K, capacity 1087K, committed 1152K, reserved 1048576K
Event: 1.063 GC heap after
Heap after GC invocations=14 (full 0):
 PSYoungGen      total 18944K, used 755K [0x000000076b200000, 0x000000076c600000, 0x00000007c0000000)
  eden space 17408K, 0% used [0x000000076b200000,0x000000076b200000,0x000000076c300000)
  from space 1536K, 49% used [0x000000076c480000,0x000000076c53cff0,0x000000076c600000)
  to   space 1536K, 0% used [0x000000076c300000,0x000000076c300000,0x000000076c480000)
 ParOldGen       total 260608K, used 2782K [0x00000006c1600000, 0x00000006d1480000, 0x000000076b200000)
  object space 260608K, 1% used [0x00000006c1600000,0x00000006c18b7b18,0x00000006d1480000)
 Metaspace       used 9207K, capacity 9352K, committed 9600K, reserved 1058816K
  class space    used 1056K, capacity 1087K, committed 1152K, reserved 1048576K
}
Event: 1.251 GC heap before
{Heap before GC invocations=15 (full 0):
 PSYoungGen      total 18944K, used 18163K [0x000000076b200000, 0x000000076c600000, 0x00000007c0000000)
  eden space 17408K, 100% used [0x000000076b200000,0x000000076c300000,0x000000076c300000)
  from space 1536K, 49% used [0x000000076c480000,0x000000076c53cff0,0x000000076c600000)
  to   space 1536K, 0% used [0x000000076c300000,0x000000076c300000,0x000000076c480000)
 ParOldGen       total 260608K, used 2782K [0x00000006c1600000, 0x00000006d1480000, 0x000000076b200000)
  object space 260608K, 1% used [0x00000006c1600000,0x00000006c18b7b18,0x00000006d1480000)
 Metaspace       used 11127K, capacity 11272K, committed 11520K, reserved 1058816K
  class space    used 1256K, capacity 1279K, committed 1280K, reserved 1048576K
Event: 1.253 GC heap after
Heap after GC invocations=15 (full 0):
 PSYoungGen      total 18944K, used 1506K [0x000000076b200000, 0x000000076d080000, 0x00000007c0000000)
  eden space 17408K, 0% used [0x000000076b200000,0x000000076b200000,0x000000076c300000)
  from space 1536K, 98% used [0x000000076c300000,0x000000076c478a68,0x000000076c480000)
  to   space 1536K, 0% used [0x000000076cf00000,0x000000076cf00000,0x000000076d080000)
 ParOldGen       total 260608K, used 2846K [0x00000006c1600000, 0x00000006d1480000, 0x000000076b200000)
  object space 260608K, 1% used [0x00000006c1600000,0x00000006c18c7b18,0x00000006d1480000)
 Metaspace       used 11127K, capacity 11272K, committed 11520K, reserved 1058816K
  class space    used 1256K, capacity 1279K, committed 1280K, reserved 1048576K
}
Event: 1.380 GC heap before
{Heap before GC invocations=16 (full 0):
 PSYoungGen      total 18944K, used 18914K [0x000000076b200000, 0x000000076d080000, 0x00000007c0000000)
  eden space 17408K, 100% used [0x000000076b200000,0x000000076c300000,0x000000076c300000)
  from space 1536K, 98% used [0x000000076c300000,0x000000076c478a68,0x000000076c480000)
  to   space 1536K, 0% used [0x000000076cf00000,0x000000076cf00000,0x000000076d080000)
 ParOldGen       total 260608K, used 2846K [0x00000006c1600000, 0x00000006d1480000, 0x000000076b200000)
  object space 260608K, 1% used [0x00000006c1600000,0x00000006c18c7b18,0x00000006d1480000)
 Metaspace       used 12267K, capacity 12424K, committed 12672K, reserved 1060864K
  class space    used 1391K, capacity 1407K, committed 1408K, reserved 1048576K
Event: 1.381 GC heap after
Heap after GC invocations=16 (full 0):
 PSYoungGen      total 29184K, used 1419K [0x000000076b200000, 0x000000076d180000, 0x00000007c0000000)
  eden space 27648K, 0% used [0x000000076b200000,0x000000076b200000,0x000000076cd00000)
  from space 1536K, 92% used [0x000000076cf00000,0x000000076d062da8,0x000000076d080000)
  to   space 2048K, 0% used [0x000000076cd00000,0x000000076cd00000,0x000000076cf00000)
 ParOldGen       total 260608K, used 3168K [0x00000006c1600000, 0x00000006d1480000, 0x000000076b200000)
  object space 260608K, 1% used [0x00000006c1600000,0x00000006c19180a0,0x00000006d1480000)
 Metaspace       used 12267K, capacity 12424K, committed 12672K, reserved 1060864K
  class space    used 1391K, capacity 1407K, committed 1408K, reserved 1048576K
}
Event: 1.686 GC heap before
{Heap before GC invocations=17 (full 0):
 PSYoungGen      total 29184K, used 29067K [0x000000076b200000, 0x000000076d180000, 0x00000007c0000000)
  eden space 27648K, 100% used [0x000000076b200000,0x000000076cd00000,0x000000076cd00000)
  from space 1536K, 92% used [0x000000076cf00000,0x000000076d062da8,0x000000076d080000)
  to   space 2048K, 0% used [0x000000076cd00000,0x000000076cd00000,0x000000076cf00000)
 ParOldGen       total 260608K, used 3168K [0x00000006c1600000, 0x00000006d1480000, 0x000000076b200000)
  object space 260608K, 1% used [0x00000006c1600000,0x00000006c19180a0,0x00000006d1480000)
 Metaspace       used 13998K, capacity 14126K, committed 14208K, reserved 1062912K
  class space    used 1584K, capacity 1632K, committed 1664K, reserved 1048576K
Event: 1.689 GC heap after
Heap after GC invocations=17 (full 0):
 PSYoungGen      total 29696K, used 2032K [0x000000076b200000, 0x000000076de00000, 0x00000007c0000000)
  eden space 27648K, 0% used [0x000000076b200000,0x000000076b200000,0x000000076cd00000)
  from space 2048K, 99% used [0x000000076cd00000,0x000000076cefc230,0x000000076cf00000)
  to   space 3072K, 0% used [0x000000076db00000,0x000000076db00000,0x000000076de00000)
 ParOldGen       total 260608K, used 5923K [0x00000006c1600000, 0x00000006d1480000, 0x000000076b200000)
  object space 260608K, 2% used [0x00000006c1600000,0x00000006c1bc8da8,0x00000006d1480000)
 Metaspace       used 13998K, capacity 14126K, committed 14208K, reserved 1062912K
  class space    used 1584K, capacity 1632K, committed 1664K, reserved 1048576K
}
Event: 35.253 GC heap before
{Heap before GC invocations=18 (full 0):
 PSYoungGen      total 29696K, used 29680K [0x000000076b200000, 0x000000076de00000, 0x00000007c0000000)
  eden space 27648K, 100% used [0x000000076b200000,0x000000076cd00000,0x000000076cd00000)
  from space 2048K, 99% used [0x000000076cd00000,0x000000076cefc230,0x000000076cf00000)
  to   space 3072K, 0% used [0x000000076db00000,0x000000076db00000,0x000000076de00000)
 ParOldGen       total 260608K, used 5923K [0x00000006c1600000, 0x00000006d1480000, 0x000000076b200000)
  object space 260608K, 2% used [0x00000006c1600000,0x00000006c1bc8da8,0x00000006d1480000)
 Metaspace       used 15149K, capacity 15450K, committed 15616K, reserved 1062912K
  class space    used 1723K, capacity 1762K, committed 1792K, reserved 1048576K
Event: 35.255 GC heap after
Heap after GC invocations=18 (full 0):
 PSYoungGen      total 41472K, used 2072K [0x000000076b200000, 0x000000076df00000, 0x00000007c0000000)
  eden space 38400K, 0% used [0x000000076b200000,0x000000076b200000,0x000000076d780000)
  from space 3072K, 67% used [0x000000076db00000,0x000000076dd06230,0x000000076de00000)
  to   space 3584K, 0% used [0x000000076d780000,0x000000076d780000,0x000000076db00000)
 ParOldGen       total 260608K, used 7732K [0x00000006c1600000, 0x00000006d1480000, 0x000000076b200000)
  object space 260608K, 2% used [0x00000006c1600000,0x00000006c1d8d2f8,0x00000006d1480000)
 Metaspace       used 15149K, capacity 15450K, committed 15616K, reserved 1062912K
  class space    used 1723K, capacity 1762K, committed 1792K, reserved 1048576K
}

