# JRE version: Java(TM) SE Runtime Environment (8.0_05-b13) (build 1.8.0_05-b13)
# Java VM: Java HotSpot(TM) 64-Bit Server VM (25.5-b02 mixed mode windows-amd64 compressed oops)
Heap:
 PSYoungGen      total 12800K, used 7485K [0x000000076b200000, 0x000000076c700000, 0x00000007c0000000)
  eden space 10240K, 53% used [0x000000076b200000,0x000000076b756260,0x000000076bc00000)
  from space 2560K, 78% used [0x000000076bc00000,0x000000076bdf9328,0x000000076be80000)
  to   space 2560K, 0% used [0x000000076c480000,0x000000076c480000,0x000000076c700000)
 ParOldGen       total 260608K, used 3422K [0x00000006c1600000, 0x00000006d1480000, 0x000000076b200000)
  object space 260608K, 1% used [0x00000006c1600000,0x00000006c1957bf0,0x00000006d1480000)
 Metaspace       used 13782K, capacity 13906K, committed 13952K, reserved 1060864K
  class space    used 1604K, capacity 1662K, committed 1664K, reserved 1048576K
GC Heap History (10 events):
Event: 0.608 GC heap before
{Heap before GC invocations=9 (full 0):
 PSYoungGen      total 5120K, used 5005K [0x000000076b200000, 0x000000076b800000, 0x00000007c0000000)
  eden space 4096K, 100% used [0x000000076b200000,0x000000076b600000,0x000000076b600000)
  from space 1024K, 88% used [0x000000076b700000,0x000000076b7e3620,0x000000076b800000)
  to   space 1024K, 0% used [0x000000076b600000,0x000000076b600000,0x000000076b700000)
 ParOldGen       total 260608K, used 1085K [0x00000006c1600000, 0x00000006d1480000, 0x000000076b200000)
  object space 260608K, 0% used [0x00000006c1600000,0x00000006c170f748,0x00000006d1480000)
 Metaspace       used 6967K, capacity 7072K, committed 7296K, reserved 1056768K
  class space    used 813K, capacity 859K, committed 896K, reserved 1048576K
Event: 0.609 GC heap after
Heap after GC invocations=9 (full 0):
 PSYoungGen      total 5120K, used 1024K [0x000000076b200000, 0x000000076bb80000, 0x00000007c0000000)
  eden space 4096K, 0% used [0x000000076b200000,0x000000076b200000,0x000000076b600000)
  from space 1024K, 100% used [0x000000076b600000,0x000000076b700000,0x000000076b700000)
  to   space 1536K, 0% used [0x000000076ba00000,0x000000076ba00000,0x000000076bb80000)
 ParOldGen       total 260608K, used 1395K [0x00000006c1600000, 0x00000006d1480000, 0x000000076b200000)
  object space 260608K, 0% used [0x00000006c1600000,0x00000006c175ccc8,0x00000006d1480000)
 Metaspace       used 6967K, capacity 7072K, committed 7296K, reserved 1056768K
  class space    used 813K, capacity 859K, committed 896K, reserved 1048576K
}
Event: 0.725 GC heap before
{Heap before GC invocations=10 (full 0):
 PSYoungGen      total 5120K, used 5120K [0x000000076b200000, 0x000000076bb80000, 0x00000007c0000000)
  eden space 4096K, 100% used [0x000000076b200000,0x000000076b600000,0x000000076b600000)
  from space 1024K, 100% used [0x000000076b600000,0x000000076b700000,0x000000076b700000)
  to   space 1536K, 0% used [0x000000076ba00000,0x000000076ba00000,0x000000076bb80000)
 ParOldGen       total 260608K, used 1395K [0x00000006c1600000, 0x00000006d1480000, 0x000000076b200000)
  object space 260608K, 0% used [0x00000006c1600000,0x00000006c175ccc8,0x00000006d1480000)
 Metaspace       used 7824K, capacity 7980K, committed 8192K, reserved 1056768K
  class space    used 942K, capacity 989K, committed 1024K, reserved 1048576K
Event: 0.726 GC heap after
Heap after GC invocations=10 (full 0):
 PSYoungGen      total 8192K, used 1530K [0x000000076b200000, 0x000000076bb80000, 0x00000007c0000000)
  eden space 6656K, 0% used [0x000000076b200000,0x000000076b200000,0x000000076b880000)
  from space 1536K, 99% used [0x000000076ba00000,0x000000076bb7e9c8,0x000000076bb80000)
  to   space 1536K, 0% used [0x000000076b880000,0x000000076b880000,0x000000076ba00000)
 ParOldGen       total 260608K, used 1823K [0x00000006c1600000, 0x00000006d1480000, 0x000000076b200000)
  object space 260608K, 0% used [0x00000006c1600000,0x00000006c17c7cd8,0x00000006d1480000)
 Metaspace       used 7824K, capacity 7980K, committed 8192K, reserved 1056768K
  class space    used 942K, capacity 989K, committed 1024K, reserved 1048576K
}
Event: 0.818 GC heap before
{Heap before GC invocations=11 (full 0):
 PSYoungGen      total 8192K, used 8186K [0x000000076b200000, 0x000000076bb80000, 0x00000007c0000000)
  eden space 6656K, 100% used [0x000000076b200000,0x000000076b880000,0x000000076b880000)
  from space 1536K, 99% used [0x000000076ba00000,0x000000076bb7e9c8,0x000000076bb80000)
  to   space 1536K, 0% used [0x000000076b880000,0x000000076b880000,0x000000076ba00000)
 ParOldGen       total 260608K, used 1823K [0x00000006c1600000, 0x00000006d1480000, 0x000000076b200000)
  object space 260608K, 0% used [0x00000006c1600000,0x00000006c17c7cd8,0x00000006d1480000)
 Metaspace       used 9268K, capacity 9452K, committed 9600K, reserved 1058816K
  class space    used 1073K, capacity 1117K, committed 1152K, reserved 1048576K
Event: 0.820 GC heap after
Heap after GC invocations=11 (full 0):
 PSYoungGen      total 8192K, used 1523K [0x000000076b200000, 0x000000076c080000, 0x00000007c0000000)
  eden space 6656K, 0% used [0x000000076b200000,0x000000076b200000,0x000000076b880000)
  from space 1536K, 99% used [0x000000076b880000,0x000000076b9fcd08,0x000000076ba00000)
  to   space 2048K, 0% used [0x000000076be80000,0x000000076be80000,0x000000076c080000)
 ParOldGen       total 260608K, used 2832K [0x00000006c1600000, 0x00000006d1480000, 0x000000076b200000)
  object space 260608K, 1% used [0x00000006c1600000,0x00000006c18c4160,0x00000006d1480000)
 Metaspace       used 9268K, capacity 9452K, committed 9600K, reserved 1058816K
  class space    used 1073K, capacity 1117K, committed 1152K, reserved 1048576K
}
Event: 0.918 GC heap before
{Heap before GC invocations=12 (full 0):
 PSYoungGen      total 8192K, used 8179K [0x000000076b200000, 0x000000076c080000, 0x00000007c0000000)
  eden space 6656K, 100% used [0x000000076b200000,0x000000076b880000,0x000000076b880000)
  from space 1536K, 99% used [0x000000076b880000,0x000000076b9fcd08,0x000000076ba00000)
  to   space 2048K, 0% used [0x000000076be80000,0x000000076be80000,0x000000076c080000)
 ParOldGen       total 260608K, used 2832K [0x00000006c1600000, 0x00000006d1480000, 0x000000076b200000)
  object space 260608K, 1% used [0x00000006c1600000,0x00000006c18c4160,0x00000006d1480000)
 Metaspace       used 11310K, capacity 11468K, committed 11648K, reserved 1058816K
  class space    used 1303K, capacity 1341K, committed 1408K, reserved 1048576K
Event: 0.919 GC heap after
Heap after GC invocations=12 (full 0):
 PSYoungGen      total 12288K, used 1803K [0x000000076b200000, 0x000000076c180000, 0x00000007c0000000)
  eden space 10240K, 0% used [0x000000076b200000,0x000000076b200000,0x000000076bc00000)
  from space 2048K, 88% used [0x000000076be80000,0x000000076c042cb0,0x000000076c080000)
  to   space 2560K, 0% used [0x000000076bc00000,0x000000076bc00000,0x000000076be80000)
 ParOldGen       total 260608K, used 3036K [0x00000006c1600000, 0x00000006d1480000, 0x000000076b200000)
  object space 260608K, 1% used [0x00000006c1600000,0x00000006c18f72a0,0x00000006d1480000)
 Metaspace       used 11310K, capacity 11468K, committed 11648K, reserved 1058816K
  class space    used 1303K, capacity 1341K, committed 1408K, reserved 1048576K
}
Event: 10.751 GC heap before
{Heap before GC invocations=13 (full 0):
 PSYoungGen      total 12288K, used 12043K [0x000000076b200000, 0x000000076c180000, 0x00000007c0000000)
  eden space 10240K, 100% used [0x000000076b200000,0x000000076bc00000,0x000000076bc00000)
  from space 2048K, 88% used [0x000000076be80000,0x000000076c042cb0,0x000000076c080000)
  to   space 2560K, 0% used [0x000000076bc00000,0x000000076bc00000,0x000000076be80000)
 ParOldGen       total 260608K, used 3036K [0x00000006c1600000, 0x00000006d1480000, 0x000000076b200000)
  object space 260608K, 1% used [0x00000006c1600000,0x00000006c18f72a0,0x00000006d1480000)
 Metaspace       used 13155K, capacity 13330K, committed 13440K, reserved 1060864K
  class space    used 1534K, capacity 1598K, committed 1664K, reserved 1048576K
Event: 10.753 GC heap after
Heap after GC invocations=13 (full 0):
 PSYoungGen      total 12800K, used 2020K [0x000000076b200000, 0x000000076c700000, 0x00000007c0000000)
  eden space 10240K, 0% used [0x000000076b200000,0x000000076b200000,0x000000076bc00000)
  from space 2560K, 78% used [0x000000076bc00000,0x000000076bdf9328,0x000000076be80000)
  to   space 2560K, 0% used [0x000000076c480000,0x000000076c480000,0x000000076c700000)
 ParOldGen       total 260608K, used 3422K [0x00000006c1600000, 0x00000006d1480000, 0x000000076b200000)
  object space 260608K, 1% used [0x00000006c1600000,0x00000006c1957bf0,0x00000006d1480000)
 Metaspace       used 13155K, capacity 13330K, committed 13440K, reserved 1060864K
  class space    used 1534K, capacity 1598K, committed 1664K, reserved 1048576K
}

